<?xml version="1.0" encoding="UTF-8"?>
<TestRun id="75f6c188-226f-47c2-996a-f7a8a83e7c4e" name="Mak_71_rus@MAK-71-RUS-PC 2010-11-12 18:47:04" runUser="MAK-71-RUS-PC\Mak_71_rus" xmlns="http://microsoft.com/schemas/VisualStudio/TeamTest/2010">
  <TestSettings name="Локальные" id="3be2d3d1-8260-4ce3-81e3-f284dbf35f0f">
    <Description>Это - параметры по умолчанию для локального тестового запуска.</Description>
    <Deployment enabled="false" runDeploymentRoot="Mak_71_rus_MAK-71-RUS-PC 2010-11-12 18_47_04">
      <DeploymentItem filename="D:\Проекты Visual Studio\Изучение\Модульное тестирование в VS-2010\Bank\Bank\bin\Debug\Bank.dll" />
    </Deployment>
    <Execution>
      <TestTypeSpecific />
      <AgentRule name="Execution Agents">
      </AgentRule>
    </Execution>
  </TestSettings>
  <Times creation="2010-11-12T18:47:04.8222067+03:00" queuing="2010-11-12T18:47:04.8322072+03:00" start="2010-11-12T18:47:04.8412078+03:00" finish="2010-11-12T18:47:05.1272241+03:00" />
  <ResultSummary outcome="Warning">
    <Counters total="1" executed="1" passed="1" error="0" failed="0" timeout="0" aborted="0" inconclusive="0" passedButRunAborted="0" notRunnable="0" notExecuted="0" disconnected="0" warning="0" completed="0" inProgress="0" pending="0" />
    <RunInfos>
      <RunInfo computerName="MAK-71-RUS-PC" outcome="Warning" timestamp="2010-11-12T18:47:04.8312072+03:00">
        <Text>Развертывание в данный момент запрещено. Элемент развертывания "Bank.dll" для теста "TestProject1.BankAccountTest.FreezeAccountTest" не был развернут.</Text>
      </RunInfo>
    </RunInfos>
  </ResultSummary>
  <TestDefinitions>
    <UnitTest name="FreezeAccountTest" storage="d:\проекты visual studio\изучение\модульное тестирование в vs-2010\bank\testproject1\bin\debug\testproject1.dll" id="649e83c6-cea5-4b0a-89e1-fbdafde6de08">
      <DeploymentItems>
        <DeploymentItem filename="Bank.dll" />
      </DeploymentItems>
      <Execution id="b9911693-6892-4e97-9d4c-fa7a4864416b" />
      <TestMethod codeBase="D:/Проекты Visual Studio/Изучение/Модульное тестирование в VS-2010/Bank/TestProject1/bin/Debug/TestProject1.DLL" adapterTypeName="Microsoft.VisualStudio.TestTools.TestTypes.Unit.UnitTestAdapter, Microsoft.VisualStudio.QualityTools.Tips.UnitTest.Adapter, Version=10.0.0.0, Culture=neutral, PublicKeyToken=b03f5f7f11d50a3a" className="TestProject1.BankAccountTest, TestProject1, Version=1.0.0.0, Culture=neutral, PublicKeyToken=null" name="FreezeAccountTest" />
    </UnitTest>
  </TestDefinitions>
  <TestLists>
    <TestList name="Отсутствующие в списке результаты" id="8c84fa94-04c1-424b-9868-57a2d4851a1d" />
    <TestList name="Все загруженные результаты" id="19431567-8539-422a-85d7-44ee4e166bda" />
  </TestLists>
  <TestEntries>
    <TestEntry testId="649e83c6-cea5-4b0a-89e1-fbdafde6de08" executionId="b9911693-6892-4e97-9d4c-fa7a4864416b" testListId="8c84fa94-04c1-424b-9868-57a2d4851a1d" />
  </TestEntries>
  <Results>
    <UnitTestResult executionId="b9911693-6892-4e97-9d4c-fa7a4864416b" testId="649e83c6-cea5-4b0a-89e1-fbdafde6de08" testName="FreezeAccountTest" computerName="MAK-71-RUS-PC" duration="00:00:00.0174454" startTime="2010-11-12T18:47:04.8532084+03:00" endTime="2010-11-12T18:47:05.1032227+03:00" testType="13cdc9d9-ddb5-4fa4-a97d-d965ccfc6d4b" outcome="Passed" testListId="8c84fa94-04c1-424b-9868-57a2d4851a1d" relativeResultsDirectory="b9911693-6892-4e97-9d4c-fa7a4864416b">
    </UnitTestResult>
  </Results>
</TestRun>