<?xml version="1.0" encoding="UTF-8"?>
<TestRun id="a0e7f569-527b-4909-a4ea-0d49ffc2b4a2" name="Mak_71_rus@MAK-71-RUS-PC 2010-11-12 18:33:14" runUser="MAK-71-RUS-PC\Mak_71_rus" xmlns="http://microsoft.com/schemas/VisualStudio/TeamTest/2010">
  <TestSettings name="Локальные" id="3be2d3d1-8260-4ce3-81e3-f284dbf35f0f">
    <Description>Это - параметры по умолчанию для локального тестового запуска.</Description>
    <Deployment enabled="false" runDeploymentRoot="Mak_71_rus_MAK-71-RUS-PC 2010-11-12 18_33_14">
      <DeploymentItem filename="D:\Проекты Visual Studio\Изучение\Модульное тестирование в VS-2010\Bank\Bank\bin\Debug\Bank.dll" />
    </Deployment>
    <Execution>
      <TestTypeSpecific />
      <AgentRule name="Execution Agents">
      </AgentRule>
    </Execution>
  </TestSettings>
  <Times creation="2010-11-12T18:33:14.5087155+03:00" queuing="2010-11-12T18:33:15.6567811+03:00" start="2010-11-12T18:33:15.7597870+03:00" finish="2010-11-12T18:33:16.3818226+03:00" />
  <ResultSummary outcome="Inconclusive">
    <Counters total="1" executed="1" error="0" failed="0" timeout="0" aborted="0" inconclusive="1" passedButRunAborted="0" notRunnable="0" notExecuted="0" disconnected="0" warning="0" passed="0" completed="0" inProgress="0" pending="0" />
  </ResultSummary>
  <TestDefinitions>
    <UnitTest name="DebitTest" storage="d:\проекты visual studio\изучение\модульное тестирование в vs-2010\bank\testproject1\bin\debug\testproject1.dll" id="26bfaab1-75c4-8f62-7229-929a1e9a0aee">
      <Execution id="98c2b9bf-a91b-40b5-9c3e-957c8ba032fd" />
      <TestMethod codeBase="D:/Проекты Visual Studio/Изучение/Модульное тестирование в VS-2010/Bank/TestProject1/bin/Debug/TestProject1.DLL" adapterTypeName="Microsoft.VisualStudio.TestTools.TestTypes.Unit.UnitTestAdapter, Microsoft.VisualStudio.QualityTools.Tips.UnitTest.Adapter, Version=10.0.0.0, Culture=neutral, PublicKeyToken=b03f5f7f11d50a3a" className="TestProject1.BankAccountTest, TestProject1, Version=1.0.0.0, Culture=neutral, PublicKeyToken=null" name="DebitTest" />
    </UnitTest>
  </TestDefinitions>
  <TestLists>
    <TestList name="Отсутствующие в списке результаты" id="8c84fa94-04c1-424b-9868-57a2d4851a1d" />
    <TestList name="Все загруженные результаты" id="19431567-8539-422a-85d7-44ee4e166bda" />
  </TestLists>
  <TestEntries>
    <TestEntry testId="26bfaab1-75c4-8f62-7229-929a1e9a0aee" executionId="98c2b9bf-a91b-40b5-9c3e-957c8ba032fd" testListId="8c84fa94-04c1-424b-9868-57a2d4851a1d" />
  </TestEntries>
  <Results>
    <UnitTestResult executionId="98c2b9bf-a91b-40b5-9c3e-957c8ba032fd" testId="26bfaab1-75c4-8f62-7229-929a1e9a0aee" testName="DebitTest" computerName="MAK-71-RUS-PC" duration="00:00:00.0791023" startTime="2010-11-12T18:33:15.7967891+03:00" endTime="2010-11-12T18:33:16.2738164+03:00" testType="13cdc9d9-ddb5-4fa4-a97d-d965ccfc6d4b" outcome="Inconclusive" testListId="8c84fa94-04c1-424b-9868-57a2d4851a1d" relativeResultsDirectory="98c2b9bf-a91b-40b5-9c3e-957c8ba032fd">
      <Output>
        <ErrorInfo>
          <Message>Ошибка в Assert.Inconclusive. Невозможно проверить метод, не возвращающий значение.</Message>
          <StackTrace>   в TestProject1.BankAccountTest.DebitTest() в D:\Проекты Visual Studio\Изучение\Модульное тестирование в VS-2010\Bank\TestProject1\BankAccountTest.cs:строка 71
</StackTrace>
        </ErrorInfo>
      </Output>
    </UnitTestResult>
  </Results>
</TestRun>